app/admin/dashboard/page.tsx(111,85): error TS2339: Property 'role' does not exist on type 'AdminUser'.
app/admin/dashboard/page.tsx(160,38): error TS2339: Property 'role' does not exist on type 'AdminUser'.
app/announcement/page.tsx(10,10): error TS2305: Module '"@/lib/db"' has no exported member 'Announcement'.
