app/admin/dashboard/page.tsx(111,85): error TS2339: Property 'role' does not exist on type 'AdminUser'.
app/admin/dashboard/page.tsx(160,38): error TS2339: Property 'role' does not exist on type 'AdminUser'.
app/announcement/page.tsx(59,46): error TS18047: 'a.type' is possibly 'null'.
app/announcement/page.tsx(62,55): error TS2769: No overload matches this call.
  Overload 1 of 4, '(value: string | number | Date): Date', gave the following error.
    Argument of type 'Date | null' is not assignable to parameter of type 'string | number | Date'.
      Type 'null' is not assignable to type 'string | number | Date'.
  Overload 2 of 4, '(value: string | number): Date', gave the following error.
    Argument of type 'Date | null' is not assignable to parameter of type 'string | number'.
      Type 'null' is not assignable to type 'string | number'.
